Using pre-set license
Built from '2021.3/staging' branch; Version is '2021.3.6f1 (7da38d85baf6) revision 8233869'; Using compiler version '192829333'; Build Type 'Release'
OS: 'Windows 10  (10.0.19044) 64bit Professional' Language: 'ru' Physical Memory: 65304 MB
BatchMode: 1, IsHumanControllingUs: 0, StartBugReporterOnCrash: 0, Is64bit: 1, IsPro: 1

COMMAND LINE ARGUMENTS:
E:\Programs\Unity\Editor\Unity.exe
-adb2
-batchMode
-noUpm
-name
AssetImportWorker0
-projectPath
E:/Unity projects/AllCupCourse/AllCupCourse_7
-logFile
Logs/AssetImportWorker0.log
-srvPort
57354
Successfully changed project path to: E:/Unity projects/AllCupCourse/AllCupCourse_7
E:/Unity projects/AllCupCourse/AllCupCourse_7
[UnityMemory] Configuration Parameters - Can be set up in boot.config
    "memorysetup-bucket-allocator-granularity=16"
    "memorysetup-bucket-allocator-bucket-count=8"
    "memorysetup-bucket-allocator-block-size=33554432"
    "memorysetup-bucket-allocator-block-count=8"
    "memorysetup-main-allocator-block-size=16777216"
    "memorysetup-thread-allocator-block-size=16777216"
    "memorysetup-gfx-main-allocator-block-size=16777216"
    "memorysetup-gfx-thread-allocator-block-size=16777216"
    "memorysetup-cache-allocator-block-size=4194304"
    "memorysetup-typetree-allocator-block-size=2097152"
    "memorysetup-profiler-bucket-allocator-granularity=16"
    "memorysetup-profiler-bucket-allocator-bucket-count=8"
    "memorysetup-profiler-bucket-allocator-block-size=33554432"
    "memorysetup-profiler-bucket-allocator-block-count=8"
    "memorysetup-profiler-allocator-block-size=16777216"
    "memorysetup-profiler-editor-allocator-block-size=1048576"
    "memorysetup-temp-allocator-size-main=16777216"
    "memorysetup-job-temp-allocator-block-size=2097152"
    "memorysetup-job-temp-allocator-block-size-background=1048576"
    "memorysetup-job-temp-allocator-reduction-small-platforms=262144"
    "memorysetup-temp-allocator-size-background-worker=32768"
    "memorysetup-temp-allocator-size-job-worker=262144"
    "memorysetup-temp-allocator-size-preload-manager=33554432"
    "memorysetup-temp-allocator-size-nav-mesh-worker=65536"
    "memorysetup-temp-allocator-size-audio-worker=65536"
    "memorysetup-temp-allocator-size-cloud-worker=32768"
    "memorysetup-temp-allocator-size-gi-baking-worker=262144"
    "memorysetup-temp-allocator-size-gfx=262144"
Refreshing native plugins compatible for Editor in 87.78 ms, found 4 plugins.
Preloading 0 native plugins for Editor in 0.00 ms.
Initialize engine version: 2021.3.6f1 (7da38d85baf6)
[Subsystems] Discovering subsystems at path E:/Programs/Unity/Editor/Data/Resources/UnitySubsystems
[Subsystems] Discovering subsystems at path E:/Unity projects/AllCupCourse/AllCupCourse_7/Assets
GfxDevice: creating device client; threaded=0; jobified=0
Direct3D:
    Version:  Direct3D 11.0 [level 11.1]
    Renderer: NVIDIA GeForce RTX 4090 (ID=0x2684)
    Vendor:   NVIDIA
    VRAM:     24156 MB
    Driver:   31.0.15.3118
Initialize mono
Mono path[0] = 'E:/Programs/Unity/Editor/Data/Managed'
Mono path[1] = 'E:/Programs/Unity/Editor/Data/MonoBleedingEdge/lib/mono/unityjit-win32'
Mono config path = 'E:/Programs/Unity/Editor/Data/MonoBleedingEdge/etc'
Using monoOptions --debugger-agent=transport=dt_socket,embedding=1,server=y,suspend=n,address=127.0.0.1:56316
Begin MonoManager ReloadAssembly
Registering precompiled unity dll's ...
Register platform support module: E:/Programs/Unity/Editor/Data/PlaybackEngines/AndroidPlayer/UnityEditor.Android.Extensions.dll
Register platform support module: E:/Programs/Unity/Editor/Data/PlaybackEngines/iOSSupport/UnityEditor.iOS.Extensions.dll
Register platform support module: E:/Programs/Unity/Editor/Data/PlaybackEngines/WindowsStandaloneSupport/UnityEditor.WindowsStandalone.Extensions.dll
Registered in 0.002671 seconds.
Native extension for WindowsStandalone target not found
[usbmuxd] Start listen thread
[usbmuxd] Listen thread started
Native extension for iOS target not found
Native extension for Android target not found
Refreshing native plugins compatible for Editor in 90.39 ms, found 4 plugins.
Preloading 0 native plugins for Editor in 0.00 ms.
Mono: successfully reloaded assembly
- Completed reload, in  0.537 seconds
Domain Reload Profiling:
	ReloadAssembly (538ms)
		BeginReloadAssembly (46ms)
			ExecutionOrderSort (0ms)
			DisableScriptedObjects (0ms)
			BackupInstance (0ms)
			ReleaseScriptingObjects (0ms)
			CreateAndSetChildDomain (0ms)
		EndReloadAssembly (409ms)
			LoadAssemblies (46ms)
			RebuildTransferFunctionScriptingTraits (0ms)
			SetupTypeCache (89ms)
			ReleaseScriptCaches (0ms)
			RebuildScriptCaches (23ms)
			SetupLoadedEditorAssemblies (255ms)
				LogAssemblyErrors (0ms)
				InitializePlatformSupportModulesInManaged (45ms)
				SetLoadedEditorAssemblies (0ms)
				RefreshPlugins (90ms)
				BeforeProcessingInitializeOnLoad (1ms)
				ProcessInitializeOnLoadAttributes (81ms)
				ProcessInitializeOnLoadMethodAttributes (37ms)
				AfterProcessingInitializeOnLoad (0ms)
				EditorAssembliesLoaded (0ms)
			ExecutionOrderSort2 (0ms)
			AwakeInstancesAfterBackupRestoration (0ms)
Platform modules already initialized, skipping
Registering precompiled user dll's ...
Registered in 0.004049 seconds.
Begin MonoManager ReloadAssembly
Symbol file LoadedFromMemory doesn't match image E:\Unity projects\AllCupCourse\AllCupCourse_7\Library\PackageCache\com.unity.visualscripting@1.7.8\Editor\VisualScripting.Core\Dependencies\YamlDotNet\Unity.VisualScripting.YamlDotNet.dll
Symbol file LoadedFromMemory doesn't match image E:\Unity projects\AllCupCourse\AllCupCourse_7\Library\PackageCache\com.unity.visualscripting@1.7.8\Editor\VisualScripting.Core\Dependencies\DotNetZip\Unity.VisualScripting.IonicZip.dll
Native extension for WindowsStandalone target not found
Native extension for iOS target not found
Native extension for Android target not found
Refreshing native plugins compatible for Editor in 89.76 ms, found 4 plugins.
Preloading 0 native plugins for Editor in 0.00 ms.
Mono: successfully reloaded assembly
- Completed reload, in  0.950 seconds
Domain Reload Profiling:
	ReloadAssembly (951ms)
		BeginReloadAssembly (87ms)
			ExecutionOrderSort (0ms)
			DisableScriptedObjects (5ms)
			BackupInstance (0ms)
			ReleaseScriptingObjects (0ms)
			CreateAndSetChildDomain (17ms)
		EndReloadAssembly (772ms)
			LoadAssemblies (65ms)
			RebuildTransferFunctionScriptingTraits (0ms)
			SetupTypeCache (203ms)
			ReleaseScriptCaches (0ms)
			RebuildScriptCaches (49ms)
			SetupLoadedEditorAssemblies (413ms)
				LogAssemblyErrors (0ms)
				InitializePlatformSupportModulesInManaged (17ms)
				SetLoadedEditorAssemblies (0ms)
				RefreshPlugins (90ms)
				BeforeProcessingInitializeOnLoad (84ms)
				ProcessInitializeOnLoadAttributes (184ms)
				ProcessInitializeOnLoadMethodAttributes (34ms)
				AfterProcessingInitializeOnLoad (2ms)
				EditorAssembliesLoaded (0ms)
			ExecutionOrderSort2 (0ms)
			AwakeInstancesAfterBackupRestoration (5ms)
Platform modules already initialized, skipping
========================================================================
Worker process is ready to serve import requests
Launched and connected shader compiler UnityShaderCompiler.exe after 0.02 seconds
Refreshing native plugins compatible for Editor in 0.51 ms, found 4 plugins.
Preloading 0 native plugins for Editor in 0.00 ms.
Unloading 4065 Unused Serialized files (Serialized files now loaded: 0)
Unloading 44 unused Assets / (222.3 KB). Loaded Objects now: 4517.
Memory consumption went from 151.3 MB to 151.1 MB.
Total: 1.902500 ms (FindLiveObjects: 0.184700 ms CreateObjectMapping: 0.047000 ms MarkObjects: 1.586000 ms  DeleteObjects: 0.084000 ms)

AssetImportParameters requested are different than current active one (requested -> active):
  custom:video-decoder-ogg-theora: a1e56fd34408186e4bbccfd4996cb3dc -> 
  custom:container-muxer-webm: aa71ff27fc2769a1b78a27578f13a17b -> 
  custom:container-demuxer-webm: 4f35f7cbe854078d1ac9338744f61a02 -> 
  custom:video-encoder-webm-vp8: eb34c28f22e8b96e1ab97ce403110664 -> 
  custom:audio-encoder-webm-vorbis: bf7c407c2cedff20999df2af8eb42d56 -> 
  custom:framework-win-MediaFoundation: 216162199b28c13a410421893ffa2e32 -> 
  custom:container-demuxer-ogg: 62fdf1f143b41e24485cea50d1cbac27 -> 
  custom:video-decoder-webm-vp8: 9c59270c3fd7afecdb556c50c9e8de78 -> 
  custom:audio-decoder-ogg-vorbis: bf7c407c2cedff20999df2af8eb42d56 -> 
========================================================================
Received Import Request.
  Time since last request: 179497.157005 seconds.
  path: Assets/горячие_ассеты_бесплатно (1)/стена_грязная.png
  artifactKey: Guid(fb74cbdd873c576418981d4125322c83) Importer(815301076,1909f56bfc062723c751e8b465ee728b)
Start importing Assets/горячие_ассеты_бесплатно (1)/стена_грязная.png using Guid(fb74cbdd873c576418981d4125322c83) Importer(815301076,1909f56bfc062723c751e8b465ee728b)  -> (artifact id: 'b8b485c54d2090e0203246ebd6f0cba1') in 0.079031 seconds 
========================================================================
Received Import Request.
  Time since last request: 0.000013 seconds.
  path: Assets/горячие_ассеты_бесплатно (1)/стена_чистая.png
  artifactKey: Guid(14efa9eab7dda764294f7f5bc83f44a9) Importer(815301076,1909f56bfc062723c751e8b465ee728b)
Start importing Assets/горячие_ассеты_бесплатно (1)/стена_чистая.png using Guid(14efa9eab7dda764294f7f5bc83f44a9) Importer(815301076,1909f56bfc062723c751e8b465ee728b)  -> (artifact id: '280825b9c8ca3f5decbcc20a2eb84425') in 0.010477 seconds 
========================================================================
Received Import Request.
  Time since last request: 0.000019 seconds.
  path: Assets/горячие_ассеты_бесплатно (1)/хижина_лесоруба.png
  artifactKey: Guid(ac6486242f20abd4f9c2972bc4f37eb7) Importer(815301076,1909f56bfc062723c751e8b465ee728b)
Start importing Assets/горячие_ассеты_бесплатно (1)/хижина_лесоруба.png using Guid(ac6486242f20abd4f9c2972bc4f37eb7) Importer(815301076,1909f56bfc062723c751e8b465ee728b)  -> (artifact id: '8a854851cf37dddd323e77c58d4d1adc') in 0.015721 seconds 
========================================================================
Received Import Request.
  Time since last request: 0.000013 seconds.
  path: Assets/горячие_ассеты_бесплатно (1)/тибидохс.png
  artifactKey: Guid(255352bf1f041d844820a25955b9a352) Importer(815301076,1909f56bfc062723c751e8b465ee728b)
Start importing Assets/горячие_ассеты_бесплатно (1)/тибидохс.png using Guid(255352bf1f041d844820a25955b9a352) Importer(815301076,1909f56bfc062723c751e8b465ee728b)  -> (artifact id: '3526150de827250bffa0f98f5c65fa1c') in 0.019796 seconds 
========================================================================
Received Import Request.
  Time since last request: 0.000016 seconds.
  path: Assets/горячие_ассеты_бесплатно (1)/лесопилка.png
  artifactKey: Guid(d230fe72c766a3b4fabbcce835b67986) Importer(815301076,1909f56bfc062723c751e8b465ee728b)
Start importing Assets/горячие_ассеты_бесплатно (1)/лесопилка.png using Guid(d230fe72c766a3b4fabbcce835b67986) Importer(815301076,1909f56bfc062723c751e8b465ee728b)  -> (artifact id: '366ac80a99b120365bdb3a2fe7710279') in 0.013188 seconds 
========================================================================
Received Import Request.
  Time since last request: 0.000017 seconds.
  path: Assets/горячие_ассеты_бесплатно (1)/казарма_мечников.png
  artifactKey: Guid(6cf9f4f7cffadd840a933624d5d7daa9) Importer(815301076,1909f56bfc062723c751e8b465ee728b)
Start importing Assets/горячие_ассеты_бесплатно (1)/казарма_мечников.png using Guid(6cf9f4f7cffadd840a933624d5d7daa9) Importer(815301076,1909f56bfc062723c751e8b465ee728b)  -> (artifact id: 'f09f2b6be95858089b7786671366965e') in 0.018569 seconds 
========================================================================
Received Import Request.
  Time since last request: 0.000016 seconds.
  path: Assets/горячие_ассеты_бесплатно (1)
  artifactKey: Guid(5acd018458e54cf4eb1df9343330dcef) Importer(815301076,1909f56bfc062723c751e8b465ee728b)
Start importing Assets/горячие_ассеты_бесплатно (1) using Guid(5acd018458e54cf4eb1df9343330dcef) Importer(815301076,1909f56bfc062723c751e8b465ee728b)  -> (artifact id: 'c461f05de870c76e57465358553e9927') in 0.004748 seconds 
========================================================================
Received Import Request.
  Time since last request: 0.000013 seconds.
  path: Assets/горячие_ассеты_бесплатно (1)/каменный_домик.png
  artifactKey: Guid(518b16520266e844aa7e87864747b45d) Importer(815301076,1909f56bfc062723c751e8b465ee728b)
Start importing Assets/горячие_ассеты_бесплатно (1)/каменный_домик.png using Guid(518b16520266e844aa7e87864747b45d) Importer(815301076,1909f56bfc062723c751e8b465ee728b)  -> (artifact id: '399e209a1502f4c5da4cfc4dc8777d10') in 0.015022 seconds 
========================================================================
Received Import Request.
  Time since last request: 0.000012 seconds.
  path: Assets/горячие_ассеты_бесплатно (1)/хата.png
  artifactKey: Guid(16f4b2cd17c9ecc4eb01dcd3fcb514f9) Importer(815301076,1909f56bfc062723c751e8b465ee728b)
Start importing Assets/горячие_ассеты_бесплатно (1)/хата.png using Guid(16f4b2cd17c9ecc4eb01dcd3fcb514f9) Importer(815301076,1909f56bfc062723c751e8b465ee728b)  -> (artifact id: '37f583ef1a9ca321f693e4b8b9bf6311') in 0.013085 seconds 
========================================================================
Received Import Request.
  Time since last request: 0.000012 seconds.
  path: Assets/горячие_ассеты_бесплатно (1)/открытые_ворота.png
  artifactKey: Guid(89ad30960776cdd4095275b83aa83d9d) Importer(815301076,1909f56bfc062723c751e8b465ee728b)
Start importing Assets/горячие_ассеты_бесплатно (1)/открытые_ворота.png using Guid(89ad30960776cdd4095275b83aa83d9d) Importer(815301076,1909f56bfc062723c751e8b465ee728b)  -> (artifact id: '380a9fea988e02b63289c79b8ed32f1b') in 0.010486 seconds 
========================================================================
Received Import Request.
  Time since last request: 0.000016 seconds.
  path: Assets/горячие_ассеты_бесплатно (1)/зеленые_домики.png
  artifactKey: Guid(120605034fbe99f458c446f7bcbba1f2) Importer(815301076,1909f56bfc062723c751e8b465ee728b)
Start importing Assets/горячие_ассеты_бесплатно (1)/зеленые_домики.png using Guid(120605034fbe99f458c446f7bcbba1f2) Importer(815301076,1909f56bfc062723c751e8b465ee728b)  -> (artifact id: '8224b1b01669c4f06841682021966297') in 0.016865 seconds 
========================================================================
Received Prepare
Registering precompiled user dll's ...
Registered in 0.004315 seconds.
Begin MonoManager ReloadAssembly
Symbol file LoadedFromMemory doesn't match image E:\Unity projects\AllCupCourse\AllCupCourse_7\Library\PackageCache\com.unity.visualscripting@1.7.8\Editor\VisualScripting.Core\Dependencies\YamlDotNet\Unity.VisualScripting.YamlDotNet.dll
Symbol file LoadedFromMemory doesn't match image E:\Unity projects\AllCupCourse\AllCupCourse_7\Library\PackageCache\com.unity.visualscripting@1.7.8\Editor\VisualScripting.Core\Dependencies\DotNetZip\Unity.VisualScripting.IonicZip.dll
Native extension for WindowsStandalone target not found
Native extension for iOS target not found
Native extension for Android target not found
Refreshing native plugins compatible for Editor in 0.73 ms, found 4 plugins.
Preloading 0 native plugins for Editor in 0.00 ms.
Mono: successfully reloaded assembly
- Completed reload, in  0.821 seconds
Domain Reload Profiling:
	ReloadAssembly (822ms)
		BeginReloadAssembly (116ms)
			ExecutionOrderSort (0ms)
			DisableScriptedObjects (6ms)
			BackupInstance (0ms)
			ReleaseScriptingObjects (0ms)
			CreateAndSetChildDomain (35ms)
		EndReloadAssembly (627ms)
			LoadAssemblies (76ms)
			RebuildTransferFunctionScriptingTraits (0ms)
			SetupTypeCache (195ms)
			ReleaseScriptCaches (1ms)
			RebuildScriptCaches (39ms)
			SetupLoadedEditorAssemblies (283ms)
				LogAssemblyErrors (0ms)
				InitializePlatformSupportModulesInManaged (24ms)
				SetLoadedEditorAssemblies (0ms)
				RefreshPlugins (1ms)
				BeforeProcessingInitializeOnLoad (60ms)
				ProcessInitializeOnLoadAttributes (162ms)
				ProcessInitializeOnLoadMethodAttributes (33ms)
				AfterProcessingInitializeOnLoad (2ms)
				EditorAssembliesLoaded (0ms)
			ExecutionOrderSort2 (0ms)
			AwakeInstancesAfterBackupRestoration (7ms)
Platform modules already initialized, skipping
Refreshing native plugins compatible for Editor in 2.08 ms, found 4 plugins.
Preloading 0 native plugins for Editor in 0.00 ms.
Unloading 4060 Unused Serialized files (Serialized files now loaded: 0)
Unloading 31 unused Assets / (189.8 KB). Loaded Objects now: 4551.
Memory consumption went from 155.6 MB to 155.4 MB.
Total: 3.303600 ms (FindLiveObjects: 0.278900 ms CreateObjectMapping: 0.088900 ms MarkObjects: 2.800300 ms  DeleteObjects: 0.134700 ms)

AssetImportParameters requested are different than current active one (requested -> active):
  custom:video-decoder-ogg-theora: a1e56fd34408186e4bbccfd4996cb3dc -> 
  custom:container-muxer-webm: aa71ff27fc2769a1b78a27578f13a17b -> 
  custom:container-demuxer-webm: 4f35f7cbe854078d1ac9338744f61a02 -> 
  custom:video-encoder-webm-vp8: eb34c28f22e8b96e1ab97ce403110664 -> 
  custom:audio-encoder-webm-vorbis: bf7c407c2cedff20999df2af8eb42d56 -> 
  custom:framework-win-MediaFoundation: 216162199b28c13a410421893ffa2e32 -> 
  custom:container-demuxer-ogg: 62fdf1f143b41e24485cea50d1cbac27 -> 
  custom:video-decoder-webm-vp8: 9c59270c3fd7afecdb556c50c9e8de78 -> 
  custom:audio-decoder-ogg-vorbis: bf7c407c2cedff20999df2af8eb42d56 -> 
Editor requested this worker to shutdown with reason: Scaling down because of idle timeout
AssetImportWorker is now disconnected from the server
Process exiting
Exiting without the bug reporter. Application will terminate with return code 0